2022-04-18 18:45:27: 【购物车】商品获取成功
2022-04-18 18:45:27: 【购物车】共 15 件商品，共 1159.3 元
2022-04-18 18:45:37: 【成功】获取配送时间：2022-04-18 09:00 - 15:00
2022-04-18 18:45:37: 【开始下单】
2022-04-18 18:45:47: 当前配送时间段已约满，请重新选择配送时段
2022-04-18 18:45:58: 当前购物火爆，请稍后再试
2022-04-18 18:46:08: 当前配送时间段已约满，请重新选择配送时段
2022-04-18 18:47:10: 【购物车】商品获取成功
2022-04-18 18:47:10: 【购物车】共 15 件商品，共 1159.3 元
2022-04-18 18:49:42: 【购物车】商品获取成功
2022-04-18 18:49:42: 【购物车】共 15 件商品，共 1159.3 元
2022-04-18 18:51:14: 【获取配送时间失败】
2022-04-18 18:51:31: 【获取配送时间失败】
2022-04-18 18:53:25: 【购物车】商品获取成功
2022-04-18 18:53:25: 【购物车】共 15 件商品，共 1159.3 元
2022-04-18 18:53:41: 【购物车】商品获取成功
2022-04-18 18:53:41: 【购物车】共 15 件商品，共 1159.3 元
2022-04-18 18:53:52: 【获取配送时间失败】
2022-04-18 18:54:02: 【获取配送时间失败】
2022-04-18 18:54:12: 【获取配送时间失败】
2022-04-18 18:54:22: 【获取配送时间失败】
2022-04-18 18:54:32: 【获取配送时间失败】
2022-04-18 19:07:15: 【购物车】商品获取成功
2022-04-18 19:07:15: 【购物车】共 15 件商品，共 1159.3 元
2022-04-18 19:08:26: 【购物车】商品获取成功
2022-04-18 19:08:26: 【购物车】共 15 件商品，共 1159.3 元
2022-04-18 19:11:54: 【购物车】商品获取成功
2022-04-18 19:11:54: 【购物车】共 15 件商品，共 1159.3 元
2022-04-18 19:12:44: 【购物车】商品获取成功
2022-04-18 19:12:44: 【购物车】共 15 件商品，共 1159.3 元
2022-04-18 19:15:41: 【获取配送时间失败】
2022-04-18 19:16:43: 【购物车】商品获取成功
2022-04-18 19:16:43: 【购物车】共 15 件商品，共 1159.3 元
2022-04-18 19:16:53: 【获取配送时间失败】
